; --- BEGIN COPYRIGHT BLOCK ---
; Copyright (C) 2001 Sun Microsystems, Inc. Used by permission.
; Copyright (C) 2005 Red Hat, Inc.
; All rights reserved.
; --- END COPYRIGHT BLOCK ---
;
; Netscape admin index page master list
;
; Lines beginning with a ';' are comments
; Lines beginning with '--' are dividers:
;    '--Category:[ID,NAME]' is the title of the category of options,
;                           with short identifier ID and text NAME
;    '--TabIcon:[ICON]' is the name of the icon that goes on top
;                      (assumes a suffix of '_on.gif' for on icon, 
;                       '_off.gif' for off)
;                      (ex: for "users", would have URL "users" which points
;                       to "users_on.gif" and "users_off.gif")
;    '--Icon:[URL]' is the icon to associate with those options
;    '--Option:[URL,TXT]' is the URL that the option should point to,
;                         and the text that should be used to describe
;                         it
;
; NOTE: Do NOT let a line have unterminated quotes, double slash 
;       characters, pound signs, or slash star sequences.  This file
;       is sent through the C preprocessor and that can screw it up.

--Category:pref,System Settings
--TabIcon:pref
--Icon:prefer.gif
--Option:stopadm,Shut Down
--Option:confadm,Network Settings
--Option:confopt,Logging Options
#if defined(XP_UNIX)
--Option:cronctrl,Cron Control
--Option:snmpcomm,SNMP Master Agent Community
--Option:snmptrpc,SNMP Master Agent Trap
#endif
--Option:
--Option:dsconfig,Configure Directory Service

--Category:acss,Access Control
--TabIcon:acss
--Icon:access.gif
--Option:confacc,Admin password
--Option:distadm,Distributed Admin
--Option:distacl,Add Permission

--Category:secy,Encryption
--TabIcon:secy
--Icon:encrypt.gif
--Option:sec-pref,Security Preferences
--Option:sec-gkey,Generate Key
--Option:sec-pswd,Change Key Password
--Option:sec-gcrt,Request Certificate
--Option:sec-icrt,Install Certificate
--Option:sec-mcrt,Manage Certificates

--Category:clst,Cluster Management
--TabIcon:clst
--Icon:cluster.gif
--Option:clctrl,Cluster Control
--Option:cladd,Add Server
--Option:clmod,Modify Server
--Option:clrem,Remove Server

--Category:user,Users and Groups
--TabIcon:user
--Icon:users.gif
--Option:genscreen?dscruser,Create User
--Option:genscreen?dseduser,Edit User
--Option:genscreen?dsrmuser,Remove User
--Option:genscreen?dslsusers,List Users
--Option:
--Option:genscreen?dscrgroup,Create Group
--Option:genscreen?dsedgroup,Edit Group
--Option:genscreen?dsrmgroup,Remove Group
--Option:genscreen?dslsgroups,List Groups

--Option:
--Option:genscreen?dscrou,Create Organizational Unit (OU)
--Option:genscreen?dsedou,Edit OU
--Option:genscreen?dsrmou,Remove OU
--Option:genscreen?dslsous,List OUs

--Option:
--Option:dsimpldif,Import
--Option:dsexpldif,Export
